0 info it worked if it ends with ok
1 verbose cli [ '/Users/nsaunders/.nvm/versions/node/v6.9.4/bin/node',
1 verbose cli   '/Users/nsaunders/.nvm/versions/node/v6.9.4/bin/npm',
1 verbose cli   'run',
1 verbose cli   'build' ]
2 info using npm@3.10.10
3 info using node@v6.9.4
4 verbose run-script [ 'prebuild', 'build', 'postbuild' ]
5 info lifecycle apollo@1.0.0~prebuild: apollo@1.0.0
6 verbose lifecycle apollo@1.0.0~prebuild: unsafe-perm in lifecycle true
7 verbose lifecycle apollo@1.0.0~prebuild: PATH: /Users/nsaunders/.nvm/versions/node/v6.9.4/lib/node_modules/npm/bin/node-gyp-bin:/Users/nsaunders/Sites/apollo/web/node_modules/.bin:/Applications/MAMP/bin/php/php7.1.12/bin/:/Applications/MAMP/bin/php-cli/bin:/Applications/MAMP/Library/bin/:/Users/nsaunders/.nvm/versions/node/v6.9.4/bin:/Applications/MAMP/bin/php-cli/bin:/usr/local/bin:/usr/bin:/bin:/usr/sbin:/sbin
8 verbose lifecycle apollo@1.0.0~prebuild: CWD: /Users/nsaunders/Sites/apollo/web
9 silly lifecycle apollo@1.0.0~prebuild: Args: [ '-c',
9 silly lifecycle   'shx rm -rf dist && shx mkdir -p dist/assets/fonts && shx mkdir dist/assets/images && shx mkdir dist/assets/js && shx mkdir dist/assets/js/libraries && shx mkdir dist/assets/js/functions && shx mkdir dist/assets/styles && shx mkdir dist/assets/svg' ]
10 silly lifecycle apollo@1.0.0~prebuild: Returned: code: 0  signal: null
11 info lifecycle apollo@1.0.0~build: apollo@1.0.0
12 verbose lifecycle apollo@1.0.0~build: unsafe-perm in lifecycle true
13 verbose lifecycle apollo@1.0.0~build: PATH: /Users/nsaunders/.nvm/versions/node/v6.9.4/lib/node_modules/npm/bin/node-gyp-bin:/Users/nsaunders/Sites/apollo/web/node_modules/.bin:/Applications/MAMP/bin/php/php7.1.12/bin/:/Applications/MAMP/bin/php-cli/bin:/Applications/MAMP/Library/bin/:/Users/nsaunders/.nvm/versions/node/v6.9.4/bin:/Applications/MAMP/bin/php-cli/bin:/usr/local/bin:/usr/bin:/bin:/usr/sbin:/sbin
14 verbose lifecycle apollo@1.0.0~build: CWD: /Users/nsaunders/Sites/apollo/web
15 silly lifecycle apollo@1.0.0~build: Args: [ '-c', 'npm-run-all --parallel css images fonts js' ]
16 silly lifecycle apollo@1.0.0~build: Returned: code: 1  signal: null
17 info lifecycle apollo@1.0.0~build: Failed to exec build script
18 verbose stack Error: apollo@1.0.0 build: `npm-run-all --parallel css images fonts js`
18 verbose stack Exit status 1
18 verbose stack     at EventEmitter.<anonymous> (/Users/nsaunders/.nvm/versions/node/v6.9.4/lib/node_modules/npm/lib/utils/lifecycle.js:255:16)
18 verbose stack     at emitTwo (events.js:106:13)
18 verbose stack     at EventEmitter.emit (events.js:191:7)
18 verbose stack     at ChildProcess.<anonymous> (/Users/nsaunders/.nvm/versions/node/v6.9.4/lib/node_modules/npm/lib/utils/spawn.js:40:14)
18 verbose stack     at emitTwo (events.js:106:13)
18 verbose stack     at ChildProcess.emit (events.js:191:7)
18 verbose stack     at maybeClose (internal/child_process.js:877:16)
18 verbose stack     at Process.ChildProcess._handle.onexit (internal/child_process.js:226:5)
19 verbose pkgid apollo@1.0.0
20 verbose cwd /Users/nsaunders/Sites/apollo/web/apollo
21 error Darwin 18.7.0
22 error argv "/Users/nsaunders/.nvm/versions/node/v6.9.4/bin/node" "/Users/nsaunders/.nvm/versions/node/v6.9.4/bin/npm" "run" "build"
23 error node v6.9.4
24 error npm  v3.10.10
25 error code ELIFECYCLE
26 error apollo@1.0.0 build: `npm-run-all --parallel css images fonts js`
26 error Exit status 1
27 error Failed at the apollo@1.0.0 build script 'npm-run-all --parallel css images fonts js'.
27 error Make sure you have the latest version of node.js and npm installed.
27 error If you do, this is most likely a problem with the apollo package,
27 error not with npm itself.
27 error Tell the author that this fails on your system:
27 error     npm-run-all --parallel css images fonts js
27 error You can get information on how to open an issue for this project with:
27 error     npm bugs apollo
27 error Or if that isn't available, you can get their info via:
27 error     npm owner ls apollo
27 error There is likely additional logging output above.
28 verbose exit [ 1, true ]
