0 info it worked if it ends with ok
1 verbose cli [ '/Users/nsaunders/.nvm/versions/node/v6.9.4/bin/node',
1 verbose cli   '/Users/nsaunders/.nvm/versions/node/v6.9.4/lib/node_modules/npm/bin/npm-cli.js',
1 verbose cli   'run',
1 verbose cli   'images:imagemin' ]
2 info using npm@3.10.10
3 info using node@v6.9.4
4 verbose run-script [ 'preimages:imagemin',
4 verbose run-script   'images:imagemin',
4 verbose run-script   'postimages:imagemin' ]
5 info lifecycle apollo@1.0.0~preimages:imagemin: apollo@1.0.0
6 silly lifecycle apollo@1.0.0~preimages:imagemin: no script for preimages:imagemin, continuing
7 info lifecycle apollo@1.0.0~images:imagemin: apollo@1.0.0
8 verbose lifecycle apollo@1.0.0~images:imagemin: unsafe-perm in lifecycle true
9 verbose lifecycle apollo@1.0.0~images:imagemin: PATH: /Users/nsaunders/.nvm/versions/node/v6.9.4/lib/node_modules/npm/bin/node-gyp-bin:/Users/nsaunders/Sites/apollo/web/node_modules/.bin:/Users/nsaunders/.nvm/versions/node/v6.9.4/lib/node_modules/npm/bin/node-gyp-bin:/Users/nsaunders/Sites/apollo/web/node_modules/.bin:/Users/nsaunders/.nvm/versions/node/v6.9.4/lib/node_modules/npm/bin/node-gyp-bin:/Users/nsaunders/Sites/apollo/web/node_modules/.bin:/Applications/MAMP/bin/php/php7.1.12/bin/:/Applications/MAMP/bin/php-cli/bin:/Applications/MAMP/Library/bin/:/Users/nsaunders/.nvm/versions/node/v6.9.4/bin:/Applications/MAMP/bin/php-cli/bin:/usr/local/bin:/usr/bin:/bin:/usr/sbin:/sbin
10 verbose lifecycle apollo@1.0.0~images:imagemin: CWD: /Users/nsaunders/Sites/apollo/web
11 silly lifecycle apollo@1.0.0~images:imagemin: Args: [ '-c',
11 silly lifecycle   'imagemin apollo/assets/images/* --out-dir=dist/assets/images' ]
12 silly lifecycle apollo@1.0.0~images:imagemin: Returned: code: 143  signal: null
13 info lifecycle apollo@1.0.0~images:imagemin: Failed to exec images:imagemin script
14 verbose stack Error: apollo@1.0.0 images:imagemin: `imagemin apollo/assets/images/* --out-dir=dist/assets/images`
14 verbose stack Exit status 143
14 verbose stack     at EventEmitter.<anonymous> (/Users/nsaunders/.nvm/versions/node/v6.9.4/lib/node_modules/npm/lib/utils/lifecycle.js:255:16)
14 verbose stack     at emitTwo (events.js:106:13)
14 verbose stack     at EventEmitter.emit (events.js:191:7)
14 verbose stack     at ChildProcess.<anonymous> (/Users/nsaunders/.nvm/versions/node/v6.9.4/lib/node_modules/npm/lib/utils/spawn.js:40:14)
14 verbose stack     at emitTwo (events.js:106:13)
14 verbose stack     at ChildProcess.emit (events.js:191:7)
14 verbose stack     at maybeClose (internal/child_process.js:877:16)
14 verbose stack     at Process.ChildProcess._handle.onexit (internal/child_process.js:226:5)
15 verbose pkgid apollo@1.0.0
16 verbose cwd /Users/nsaunders/Sites/apollo/web
17 error Darwin 18.7.0
18 error argv "/Users/nsaunders/.nvm/versions/node/v6.9.4/bin/node" "/Users/nsaunders/.nvm/versions/node/v6.9.4/lib/node_modules/npm/bin/npm-cli.js" "run" "images:imagemin"
19 error node v6.9.4
20 error npm  v3.10.10
21 error code ELIFECYCLE
22 error apollo@1.0.0 images:imagemin: `imagemin apollo/assets/images/* --out-dir=dist/assets/images`
22 error Exit status 143
23 error Failed at the apollo@1.0.0 images:imagemin script 'imagemin apollo/assets/images/* --out-dir=dist/assets/images'.
23 error Make sure you have the latest version of node.js and npm installed.
23 error If you do, this is most likely a problem with the apollo package,
23 error not with npm itself.
23 error Tell the author that this fails on your system:
23 error     imagemin apollo/assets/images/* --out-dir=dist/assets/images
23 error You can get information on how to open an issue for this project with:
23 error     npm bugs apollo
23 error Or if that isn't available, you can get their info via:
23 error     npm owner ls apollo
23 error There is likely additional logging output above.
24 verbose exit [ 1, true ]
